"../../../../../../Users/Mitchell/Documents/Unreal Projects/SnakeEater1/Content/AnimStarterPack/UE4_Mannequin/Mesh/UE4_Mannequin_Skeleton.uasset" 0
"../../../../../../Users/Mitchell/Documents/Unreal Projects/SnakeEater1/Content/AnimStarterPack/Idle_Rifle_Ironsights.uasset" 1
"../../../../../../Users/Mitchell/Documents/Unreal Projects/SnakeEater1/Content/AnimStarterPack/Reload_Rifle_Ironsights.uasset" 2
"../../../../../../Users/Mitchell/Documents/Unreal Projects/SnakeEater1/Content/AnimStarterPack/Crouch_Idle_Rifle_Ironsights.uasset" 3
"../../../../../../Users/Mitchell/Documents/Unreal Projects/SnakeEater1/Content/AnimStarterPack/Crouch_Walk_Bwd_Rifle_Ironsights.uasset" 4
"../../../../../../Users/Mitchell/Documents/Unreal Projects/SnakeEater1/Content/AnimStarterPack/Crouch_Walk_Fwd_Rifle_Ironsights.uasset" 5
"../../../../../../Users/Mitchell/Documents/Unreal Projects/SnakeEater1/Content/AnimStarterPack/Crouch_Walk_Lt_Rifle_Ironsights.uasset" 6
"../../../../../../Users/Mitchell/Documents/Unreal Projects/SnakeEater1/Content/AnimStarterPack/Crouch_Walk_Rt_Rifle_Ironsights.uasset" 7
"../../../../../../Users/Mitchell/Documents/Unreal Projects/SnakeEater1/Content/ThirdPersonCPP/Character/Crouch_BS.uasset" 8
"../../../../../../Users/Mitchell/Documents/Unreal Projects/SnakeEater1/Content/AnimStarterPack/Jog_Bwd_Rifle.uasset" 9
"../../../../../../Users/Mitchell/Documents/Unreal Projects/SnakeEater1/Content/AnimStarterPack/Jog_Fwd_Rifle.uasset" 10
"../../../../../../Users/Mitchell/Documents/Unreal Projects/SnakeEater1/Content/AnimStarterPack/Jog_Lt_Rifle.uasset" 11
"../../../../../../Users/Mitchell/Documents/Unreal Projects/SnakeEater1/Content/AnimStarterPack/Jog_Rt_Rifle.uasset" 12
"../../../../../../Users/Mitchell/Documents/Unreal Projects/SnakeEater1/Content/AnimStarterPack/Walk_Bwd_Rifle_Ironsights.uasset" 13
"../../../../../../Users/Mitchell/Documents/Unreal Projects/SnakeEater1/Content/AnimStarterPack/Walk_Fwd_Rifle_Ironsights.uasset" 14
"../../../../../../Users/Mitchell/Documents/Unreal Projects/SnakeEater1/Content/AnimStarterPack/Walk_Lt_Rifle_Ironsights.uasset" 15
"../../../../../../Users/Mitchell/Documents/Unreal Projects/SnakeEater1/Content/AnimStarterPack/Walk_Rt_Rifle_Ironsights.uasset" 16
"../../../../../../Users/Mitchell/Documents/Unreal Projects/SnakeEater1/Content/ThirdPersonCPP/Character/SE1_WalkRun_BS.uasset" 17
"../../../../../../Users/Mitchell/Documents/Unreal Projects/SnakeEater1/Content/AnimStarterPack/Sprint_Fwd_Rifle.uasset" 18
"../../../../../../Users/Mitchell/Documents/Unreal Projects/SnakeEater1/Content/ThirdPersonCPP/Character/Sprint_BS.uasset" 19
"../../../../../../Users/Mitchell/Documents/Unreal Projects/SnakeEater1/Content/ThirdPersonCPP/Character/SE1AnimBP.uasset" 20
"../../../../../../Users/Mitchell/Documents/Unreal Projects/SnakeEater1/Content/ThirdPersonCPP/Weapons/AK_normal.uasset" 21
"../../../../../../Users/Mitchell/Documents/Unreal Projects/SnakeEater1/Content/StarterContent/Materials/M_Metal_Gold.uasset" 22
"../../../../../../Users/Mitchell/Documents/Unreal Projects/SnakeEater1/Content/StarterContent/Materials/M_Basic_Wall.uasset" 23
"../../../../../../Users/Mitchell/Documents/Unreal Projects/SnakeEater1/Content/StarterContent/Shapes/Shape_NarrowCapsule.uasset" 24
"../../../../../../Users/Mitchell/Documents/Unreal Projects/SnakeEater1/Content/ThirdPersonCPP/MyProjectile_Base.uasset" 25
"../../../Engine/Content/Functions/Engine_MaterialFunctions02/Utility/BlendAngleCorrectedNormals.uasset" 26
"../../../Engine/Content/Functions/MaterialLayerFunctions/MatLayerBlend_AO.uasset" 27
"../../../Engine/Content/Functions/MaterialLayerFunctions/MatLayerBlend_NormalBlend.uasset" 28
"../../../Engine/Content/Functions/MaterialLayerFunctions/MatLayerBlend_Simple.uasset" 29
"../../../../../../Users/Mitchell/Documents/Unreal Projects/SnakeEater1/Content/AnimStarterPack/UE4_Mannequin/Materials/MaterialLayers/T_ML_Rubber_Blue_01_D.uasset" 30
"../../../../../../Users/Mitchell/Documents/Unreal Projects/SnakeEater1/Content/AnimStarterPack/UE4_Mannequin/Materials/MaterialLayers/T_ML_Rubber_Blue_01_N.uasset" 31
"../../../../../../Users/Mitchell/Documents/Unreal Projects/SnakeEater1/Content/AnimStarterPack/UE4_Mannequin/Materials/MaterialLayers/ML_GlossyBlack_Latex_UE4.uasset" 32
"../../../../../../Users/Mitchell/Documents/Unreal Projects/SnakeEater1/Content/AnimStarterPack/UE4_Mannequin/Materials/MaterialLayers/ML_Plastic_Shiny_Beige.uasset" 33
"../../../../../../Users/Mitchell/Documents/Unreal Projects/SnakeEater1/Content/AnimStarterPack/UE4_Mannequin/Textures/UE4_LOGO_CARD.uasset" 34
"../../../../../../Users/Mitchell/Documents/Unreal Projects/SnakeEater1/Content/AnimStarterPack/UE4_Mannequin/Materials/MaterialLayers/ML_Plastic_Shiny_Beige_LOGO.uasset" 35
"../../../../../../Users/Mitchell/Documents/Unreal Projects/SnakeEater1/Content/AnimStarterPack/UE4_Mannequin/Materials/MaterialLayers/T_ML_Aluminum01.uasset" 36
"../../../../../../Users/Mitchell/Documents/Unreal Projects/SnakeEater1/Content/AnimStarterPack/UE4_Mannequin/Materials/MaterialLayers/T_ML_Aluminum01_N.uasset" 37
"../../../../../../Users/Mitchell/Documents/Unreal Projects/SnakeEater1/Content/AnimStarterPack/UE4_Mannequin/Materials/MaterialLayers/ML_SoftMetal_UE4.uasset" 38
"../../../../../../Users/Mitchell/Documents/Unreal Projects/SnakeEater1/Content/AnimStarterPack/UE4_Mannequin/Textures/UE4_Mannequin__normals.uasset" 39
"../../../../../../Users/Mitchell/Documents/Unreal Projects/SnakeEater1/Content/AnimStarterPack/UE4_Mannequin/Textures/UE4_Mannequin_MAT_MASKA.uasset" 40
"../../../../../../Users/Mitchell/Documents/Unreal Projects/SnakeEater1/Content/AnimStarterPack/UE4_Mannequin/Textures/UE4_Mannequin_occlusion_Mobile.uasset" 41
"../../../../../../Users/Mitchell/Documents/Unreal Projects/SnakeEater1/Content/AnimStarterPack/UE4_Mannequin/Materials/M_UE4Man_Body.uasset" 42
"../../../../../../Users/Mitchell/Documents/Unreal Projects/SnakeEater1/Content/AnimStarterPack/UE4_Mannequin/Textures/UE4Man_Logo_N.uasset" 43
"../../../../../../Users/Mitchell/Documents/Unreal Projects/SnakeEater1/Content/AnimStarterPack/UE4_Mannequin/Materials/M_UE4Man_ChestLogo.uasset" 44
"../../../../../../Users/Mitchell/Documents/Unreal Projects/SnakeEater1/Content/AnimStarterPack/UE4_Mannequin/Mesh/SK_Mannequin_PhysicsAsset.uasset" 45
"../../../../../../Users/Mitchell/Documents/Unreal Projects/SnakeEater1/Content/AnimStarterPack/UE4_Mannequin/Mesh/SK_Mannequin.uasset" 46
"../../../../../../Users/Mitchell/Documents/Unreal Projects/SnakeEater1/Content/ThirdPersonCPP/MySnakeEater1AI.uasset" 47
"../../../../../../Users/Mitchell/Documents/Unreal Projects/SnakeEater1/Content/StarterContent/Particles/Materials/M_Burst.uasset" 48
"../../../../../../Users/Mitchell/Documents/Unreal Projects/SnakeEater1/Content/StarterContent/Particles/Materials/M_explosion_subUV.uasset" 49
"../../../../../../Users/Mitchell/Documents/Unreal Projects/SnakeEater1/Content/StarterContent/Particles/Materials/m_flare_01.uasset" 50
"../../../Engine/Content/Functions/Engine_MaterialFunctions01/Gradient/RadialGradient.uasset" 51
"../../../../../../Users/Mitchell/Documents/Unreal Projects/SnakeEater1/Content/StarterContent/Particles/Materials/M_radial_ramp.uasset" 52
"../../../../../../Users/Mitchell/Documents/Unreal Projects/SnakeEater1/Content/StarterContent/Particles/Materials/M_smoke_subUV.uasset" 53
"../../../../../../Users/Mitchell/Documents/Unreal Projects/SnakeEater1/Content/StarterContent/Particles/P_Explosion.uasset" 54
"../../../../../../Users/Mitchell/Documents/Unreal Projects/SnakeEater1/Content/ThirdPersonCPP/Weapons/AK_diffuse.uasset" 55
"../../../../../../Users/Mitchell/Documents/Unreal Projects/SnakeEater1/Content/ThirdPersonCPP/Weapons/AK_specular.uasset" 56
"../../../../../../Users/Mitchell/Documents/Unreal Projects/SnakeEater1/Content/ThirdPersonCPP/Weapons/AK_MAT.uasset" 57
"../../../../../../Users/Mitchell/Documents/Unreal Projects/SnakeEater1/Content/ThirdPersonCPP/Weapons/AK_PhysicsAsset.uasset" 58
"../../../../../../Users/Mitchell/Documents/Unreal Projects/SnakeEater1/Content/ThirdPersonCPP/Weapons/AK_Skeleton.uasset" 59
"../../../../../../Users/Mitchell/Documents/Unreal Projects/SnakeEater1/Content/ThirdPersonCPP/Weapons/AK.uasset" 60
"../../../../../../Users/Mitchell/Documents/Unreal Projects/SnakeEater1/Content/ThirdPersonCPP/Weapons/MyWeapon_Base.uasset" 61
"../../../../../../Users/Mitchell/Documents/Unreal Projects/SnakeEater1/Content/ThirdPersonCPP/RedVignette.uasset" 62
"../../../../../../Users/Mitchell/Documents/Unreal Projects/SnakeEater1/Content/ThirdPersonCPP/DamageFX.uasset" 63
"../../../Engine/Content/EditorBlueprintResources/StandardMacros.uasset" 64
"../../../../../../Users/Mitchell/Documents/Unreal Projects/SnakeEater1/Content/AnimStarterPack/Crouch_Idle_Rifle_Hip.uasset" 65
"../../../../../../Users/Mitchell/Documents/Unreal Projects/SnakeEater1/Content/AnimStarterPack/Idle_Rifle_Hip.uasset" 66
"../../../../../../Users/Mitchell/Documents/Unreal Projects/SnakeEater1/Content/AnimStarterPack/Jump_From_Jog.uasset" 67
"../../../../../../Users/Mitchell/Documents/Unreal Projects/SnakeEater1/Content/AnimStarterPack/Jump_From_Stand.uasset" 68
"../../../../../../Users/Mitchell/Documents/Unreal Projects/SnakeEater1/Content/AnimStarterPack/Crouch_Walk_Bwd_Rifle_Hip.uasset" 69
"../../../../../../Users/Mitchell/Documents/Unreal Projects/SnakeEater1/Content/AnimStarterPack/Crouch_Walk_Fwd_Rifle_Hip.uasset" 70
"../../../../../../Users/Mitchell/Documents/Unreal Projects/SnakeEater1/Content/AnimStarterPack/Crouch_Walk_Lt_Rifle_Hip.uasset" 71
"../../../../../../Users/Mitchell/Documents/Unreal Projects/SnakeEater1/Content/AnimStarterPack/Crouch_Walk_Rt_Rifle_Hip.uasset" 72
"../../../../../../Users/Mitchell/Documents/Unreal Projects/SnakeEater1/Content/AnimStarterPack/BS_CrouchWalk.uasset" 73
"../../../../../../Users/Mitchell/Documents/Unreal Projects/SnakeEater1/Content/AnimStarterPack/BS_Jog.uasset" 74
"../../../../../../Users/Mitchell/Documents/Unreal Projects/SnakeEater1/Content/AnimStarterPack/UE4ASP_HeroTPP_AnimBlueprint.uasset" 75
"../../../../../../Users/Mitchell/Documents/Unreal Projects/SnakeEater1/Content/AnimStarterPack/Ue4ASP_Character.uasset" 76
"../../../../../../Users/Mitchell/Documents/Unreal Projects/SnakeEater1/Content/AnimStarterPack/Custom_Test_AnimBP.uasset" 77
"../../../../../../Users/Mitchell/Documents/Unreal Projects/SnakeEater1/Content/ThirdPersonCPP/Weapons/AK_ComponentBP.uasset" 78
"../../../../../../Users/Mitchell/Documents/Unreal Projects/SnakeEater1/Content/ThirdPersonCPP/WeaponTestAI.uasset" 79
"../../../../../../Users/Mitchell/Documents/Unreal Projects/SnakeEater1/Content/StarterContent/Audio/Explosion01.uasset" 80
"../../../../../../Users/Mitchell/Documents/Unreal Projects/SnakeEater1/Content/ThirdPersonCPP/Weapons/AK47_Mesh.uasset" 81
"../../../../../../Users/Mitchell/Documents/Unreal Projects/SnakeEater1/Content/ThirdPersonCPP/RifleAmmoPickup.uasset" 82
"../../../../../../Users/Mitchell/Documents/Unreal Projects/SnakeEater1/Content/ThirdPersonCPP/EnemySpawner.uasset" 83
"../../../../../../Users/Mitchell/Documents/Unreal Projects/SnakeEater1/Content/ThirdPersonCPP/EnemySpawnerOffice.uasset" 84
"../../../../../../Users/Mitchell/Documents/Unreal Projects/SnakeEater1/Content/ThirdPersonCPP/MySnakeEater1GameMode.uasset" 85
"../../../../../../Users/Mitchell/Documents/Unreal Projects/SnakeEater1/Content/ThirdPersonCPP/Minimap_Texture.uasset" 86
"../../../../../../Users/Mitchell/Documents/Unreal Projects/SnakeEater1/Content/ThirdPersonCPP/Minimap_Material.uasset" 87
"../../../../../../Users/Mitchell/Documents/Unreal Projects/SnakeEater1/Content/ThirdPersonCPP/Crosshair1.uasset" 88
"../../../../../../Users/Mitchell/Documents/Unreal Projects/SnakeEater1/Content/ThirdPersonCPP/Minimap_Arrow.uasset" 89
"../../../../../../Users/Mitchell/Documents/Unreal Projects/SnakeEater1/Content/ThirdPersonCPP/FPSHUD.uasset" 90
"../../../../../../Users/Mitchell/Documents/Unreal Projects/SnakeEater1/Content/ThirdPersonCPP/Weapons/AK-47_Single_Shot.uasset" 91
"../../../../../../Users/Mitchell/Documents/Unreal Projects/SnakeEater1/Content/ThirdPersonCPP/MySnakeEater1Character.uasset" 92
"../../../../../../Users/Mitchell/Documents/Unreal Projects/SnakeEater1/Content/Recording.uasset" 93
"../../../../../../Users/Mitchell/Documents/Unreal Projects/SnakeEater1/Content/AnimStarterPack/Aim_Space_Hip.uasset" 94
"../../../../../../Users/Mitchell/Documents/Unreal Projects/SnakeEater1/Content/AnimStarterPack/Aim_Space_Ironsights.uasset" 95
"../../../../../../Users/Mitchell/Documents/Unreal Projects/SnakeEater1/Content/AnimStarterPack/Crouch_to_Stand_Rifle_Hip.uasset" 96
"../../../../../../Users/Mitchell/Documents/Unreal Projects/SnakeEater1/Content/AnimStarterPack/Crouch_to_Stand_Rifle_Ironsights.uasset" 97
"../../../../../../Users/Mitchell/Documents/Unreal Projects/SnakeEater1/Content/AnimStarterPack/Death_1.uasset" 98
"../../../../../../Users/Mitchell/Documents/Unreal Projects/SnakeEater1/Content/AnimStarterPack/Death_2.uasset" 99
"../../../../../../Users/Mitchell/Documents/Unreal Projects/SnakeEater1/Content/AnimStarterPack/Death_3.uasset" 100
"../../../../../../Users/Mitchell/Documents/Unreal Projects/SnakeEater1/Content/AnimStarterPack/Death_Ironsights_1.uasset" 101
"../../../../../../Users/Mitchell/Documents/Unreal Projects/SnakeEater1/Content/AnimStarterPack/Death_Ironsights_2.uasset" 102
"../../../../../../Users/Mitchell/Documents/Unreal Projects/SnakeEater1/Content/AnimStarterPack/Equip_Rifle_Standing.uasset" 103
"../../../../../../Users/Mitchell/Documents/Unreal Projects/SnakeEater1/Content/AnimStarterPack/Fire_Rifle_Ironsights.uasset" 104
"../../../../../../Users/Mitchell/Documents/Unreal Projects/SnakeEater1/Content/AnimStarterPack/FireWeaponMontage.uasset" 105
"../../../../../../Users/Mitchell/Documents/Unreal Projects/SnakeEater1/Content/AnimStarterPack/Fire_Rifle_Hip.uasset" 106
"../../../../../../Users/Mitchell/Documents/Unreal Projects/SnakeEater1/Content/AnimStarterPack/Fire_Shotgun_Hip.uasset" 107
"../../../../../../Users/Mitchell/Documents/Unreal Projects/SnakeEater1/Content/AnimStarterPack/Fire_Shotgun_Ironsights.uasset" 108
"../../../../../../Users/Mitchell/Documents/Unreal Projects/SnakeEater1/Content/AnimStarterPack/Hit_React_4.uasset" 109
"../../../../../../Users/Mitchell/Documents/Unreal Projects/SnakeEater1/Content/AnimStarterPack/Idle_Pistol.uasset" 110
"../../../../../../Users/Mitchell/Documents/Unreal Projects/SnakeEater1/Content/AnimStarterPack/Prone_Death_1.uasset" 111
"../../../../../../Users/Mitchell/Documents/Unreal Projects/SnakeEater1/Content/AnimStarterPack/Prone_Death_2.uasset" 112
"../../../../../../Users/Mitchell/Documents/Unreal Projects/SnakeEater1/Content/AnimStarterPack/Prone_Fire_1.uasset" 113
"../../../../../../Users/Mitchell/Documents/Unreal Projects/SnakeEater1/Content/AnimStarterPack/Prone_Fire_2.uasset" 114
"../../../../../../Users/Mitchell/Documents/Unreal Projects/SnakeEater1/Content/AnimStarterPack/Prone_Idle.uasset" 115
"../../../../../../Users/Mitchell/Documents/Unreal Projects/SnakeEater1/Content/AnimStarterPack/Prone_Reload_Rifle.uasset" 116
"../../../../../../Users/Mitchell/Documents/Unreal Projects/SnakeEater1/Content/AnimStarterPack/Prone_Reload_Shotgun.uasset" 117
"../../../../../../Users/Mitchell/Documents/Unreal Projects/SnakeEater1/Content/AnimStarterPack/Prone_To_Stand.uasset" 118
"../../../../../../Users/Mitchell/Documents/Unreal Projects/SnakeEater1/Content/AnimStarterPack/Reload_Pistol.uasset" 119
"../../../../../../Users/Mitchell/Documents/Unreal Projects/SnakeEater1/Content/AnimStarterPack/Reload_Shotgun_Hip.uasset" 120
"../../../../../../Users/Mitchell/Documents/Unreal Projects/SnakeEater1/Content/AnimStarterPack/Reload_Shotgun_Ironsights.uasset" 121
"../../../../../../Users/Mitchell/Documents/Unreal Projects/SnakeEater1/Content/AnimStarterPack/Idle_Rifle_Hip_Break1.uasset" 122
"../../../../../../Users/Mitchell/Documents/Unreal Projects/SnakeEater1/Content/AnimStarterPack/RuntimeTestAnimBP.uasset" 123
"../../../../../../Users/Mitchell/Documents/Unreal Projects/SnakeEater1/Content/AnimStarterPack/Stand_to_Crouch_Rifle_Hip.uasset" 124
"../../../../../../Users/Mitchell/Documents/Unreal Projects/SnakeEater1/Content/AnimStarterPack/Stand_to_Crouch_Rifle_Ironsights.uasset" 125
"../../../../../../Users/Mitchell/Documents/Unreal Projects/SnakeEater1/Content/AnimStarterPack/Stand_To_Prone.uasset" 126
"../../../../../../Users/Mitchell/Documents/Unreal Projects/SnakeEater1/Content/AnimStarterPack/AimOffsets/CC.uasset" 127
"../../../../../../Users/Mitchell/Documents/Unreal Projects/SnakeEater1/Content/AnimStarterPack/AimOffsets/CL.uasset" 128
"../../../../../../Users/Mitchell/Documents/Unreal Projects/SnakeEater1/Content/AnimStarterPack/AimOffsets/CR.uasset" 129
"../../../../../../Users/Mitchell/Documents/Unreal Projects/SnakeEater1/Content/AnimStarterPack/AimOffsets/DC.uasset" 130
"../../../../../../Users/Mitchell/Documents/Unreal Projects/SnakeEater1/Content/AnimStarterPack/AimOffsets/DL.uasset" 131
"../../../../../../Users/Mitchell/Documents/Unreal Projects/SnakeEater1/Content/AnimStarterPack/AimOffsets/DR.uasset" 132
"../../../../../../Users/Mitchell/Documents/Unreal Projects/SnakeEater1/Content/AnimStarterPack/AimOffsets/UC.uasset" 133
"../../../../../../Users/Mitchell/Documents/Unreal Projects/SnakeEater1/Content/AnimStarterPack/AimOffsets/UL.uasset" 134
"../../../../../../Users/Mitchell/Documents/Unreal Projects/SnakeEater1/Content/AnimStarterPack/AimOffsets/UR.uasset" 135
"../../../../../../Users/Mitchell/Documents/Unreal Projects/SnakeEater1/Content/Cinematics/Sequences/Animations/TrailerSeq_MySnakeEater1Character_2.uasset" 136
"../../../../../../Users/Mitchell/Documents/Unreal Projects/SnakeEater1/Content/Cinematics/Sequences/Animations/TrailerSeq_MySnakeEater1Character_8.uasset" 137
"../../../../../../Users/Mitchell/Documents/Unreal Projects/SnakeEater1/Content/Cinematics/Sequences/Animations/TrailerSeq_MySnakeEater1Character.uasset" 138
"../../../../../../Users/Mitchell/Documents/Unreal Projects/SnakeEater1/Content/Cinematics/Sequences/Animations/TrailerSeq_MySnakeEater1Character_0.uasset" 139
"../../../../../../Users/Mitchell/Documents/Unreal Projects/SnakeEater1/Content/Cinematics/Sequences/TrailerSeq/TrailerSeq.uasset" 140
"../../../../../../Users/Mitchell/Documents/Unreal Projects/SnakeEater1/Content/Cinematics/Sequences/Animations/TrailerSeq_MySnakeEater1Character_1.uasset" 141
"../../../../../../Users/Mitchell/Documents/Unreal Projects/SnakeEater1/Content/Cinematics/Sequences/Animations/TrailerSeq_MySnakeEater1Character_3.uasset" 142
"../../../../../../Users/Mitchell/Documents/Unreal Projects/SnakeEater1/Content/Cinematics/Sequences/Animations/TrailerSeq_MySnakeEater1Character_4.uasset" 143
"../../../../../../Users/Mitchell/Documents/Unreal Projects/SnakeEater1/Content/Cinematics/Sequences/TrailerSeq/TrailerSeq_0.uasset" 144
"../../../../../../Users/Mitchell/Documents/Unreal Projects/SnakeEater1/Content/Cinematics/Sequences/Animations/TrailerSeq_MySnakeEater1Character_5.uasset" 145
"../../../../../../Users/Mitchell/Documents/Unreal Projects/SnakeEater1/Content/Cinematics/Sequences/Animations/TrailerSeq_MySnakeEater1Character_6.uasset" 146
"../../../../../../Users/Mitchell/Documents/Unreal Projects/SnakeEater1/Content/Cinematics/Sequences/TrailerSeq/TrailerSeq_1.uasset" 147
"../../../../../../Users/Mitchell/Documents/Unreal Projects/SnakeEater1/Content/Cinematics/Sequences/Animations/TrailerSeq_MySnakeEater1Character_10.uasset" 148
"../../../../../../Users/Mitchell/Documents/Unreal Projects/SnakeEater1/Content/Cinematics/Sequences/Animations/TrailerSeq_MySnakeEater1Character_7.uasset" 149
"../../../../../../Users/Mitchell/Documents/Unreal Projects/SnakeEater1/Content/Cinematics/Sequences/Animations/TrailerSeq_MySnakeEater1Character_9.uasset" 150
"../../../../../../Users/Mitchell/Documents/Unreal Projects/SnakeEater1/Content/Cinematics/Sequences/TrailerSeq/TrailerSeq_2.uasset" 151
"../../../../../../Users/Mitchell/Documents/Unreal Projects/SnakeEater1/Content/Mannequin/Character/Mesh/UE4_Mannequin_Skeleton.uasset" 152
"../../../../../../Users/Mitchell/Documents/Unreal Projects/SnakeEater1/Content/Mannequin/Animations/ThirdPersonJump_End.uasset" 153
"../../../../../../Users/Mitchell/Documents/Unreal Projects/SnakeEater1/Content/StarterContent/Architecture/Pillar_50x500.uasset" 154
"../../../../../../Users/Mitchell/Documents/Unreal Projects/SnakeEater1/Content/StarterContent/Architecture/Wall_400x300.uasset" 155
"../../../../../../Users/Mitchell/Documents/Unreal Projects/SnakeEater1/Content/StarterContent/Architecture/Wall_400x400.uasset" 156
"../../../../../../Users/Mitchell/Documents/Unreal Projects/SnakeEater1/Content/StarterContent/Architecture/Wall_500x500.uasset" 157
"../../../../../../Users/Mitchell/Documents/Unreal Projects/SnakeEater1/Content/StarterContent/Architecture/Wall_Window_400x400.uasset" 158
"../../../../../../Users/Mitchell/Documents/Unreal Projects/SnakeEater1/Content/StarterContent/Audio/Collapse01.uasset" 159
"../../../../../../Users/Mitchell/Documents/Unreal Projects/SnakeEater1/Content/StarterContent/Audio/Collapse02.uasset" 160
"../../../../../../Users/Mitchell/Documents/Unreal Projects/SnakeEater1/Content/StarterContent/Audio/Explosion02.uasset" 161
"../../../../../../Users/Mitchell/Documents/Unreal Projects/SnakeEater1/Content/StarterContent/Audio/Fire01.uasset" 162
"../../../../../../Users/Mitchell/Documents/Unreal Projects/SnakeEater1/Content/StarterContent/Audio/Fire_Sparks01.uasset" 163
"../../../../../../Users/Mitchell/Documents/Unreal Projects/SnakeEater1/Content/StarterContent/Audio/Light01.uasset" 164
"../../../../../../Users/Mitchell/Documents/Unreal Projects/SnakeEater1/Content/StarterContent/Audio/Light01_Cue.uasset" 165
"../../../../../../Users/Mitchell/Documents/Unreal Projects/SnakeEater1/Content/StarterContent/Audio/Light02.uasset" 166
"../../../../../../Users/Mitchell/Documents/Unreal Projects/SnakeEater1/Content/StarterContent/Audio/Light02_Cue.uasset" 167
"../../../../../../Users/Mitchell/Documents/Unreal Projects/SnakeEater1/Content/StarterContent/Audio/Smoke01.uasset" 168
"../../../../../../Users/Mitchell/Documents/Unreal Projects/SnakeEater1/Content/StarterContent/Audio/Starter_Birds01.uasset" 169
"../../../../../../Users/Mitchell/Documents/Unreal Projects/SnakeEater1/Content/StarterContent/Audio/Starter_Music01.uasset" 170
"../../../../../../Users/Mitchell/Documents/Unreal Projects/SnakeEater1/Content/StarterContent/Audio/Starter_Wind05.uasset" 171
"../../../../../../Users/Mitchell/Documents/Unreal Projects/SnakeEater1/Content/StarterContent/Audio/Starter_Wind06.uasset" 172
"../../../../../../Users/Mitchell/Documents/Unreal Projects/SnakeEater1/Content/StarterContent/Audio/Steam01.uasset" 173
"../../../../../../Users/Mitchell/Documents/Unreal Projects/SnakeEater1/Content/StarterContent/Audio/Explosion_Cue.uasset" 174
"../../../../../../Users/Mitchell/Documents/Unreal Projects/SnakeEater1/Content/StarterContent/Blueprints/Blueprint_Effect_Explosion.uasset" 175
"../../../Engine/Content/EditorMeshes/ColorCalibrator/T_ColorGrid.uasset" 176
"../../../../../../Users/Mitchell/Documents/Unreal Projects/SnakeEater1/Content/StarterContent/Materials/M_ColorGrid_LowSpec.uasset" 177
"../../../../../../Users/Mitchell/Documents/Unreal Projects/SnakeEater1/Content/StarterContent/Textures/T_Bush_D.uasset" 178
"../../../../../../Users/Mitchell/Documents/Unreal Projects/SnakeEater1/Content/StarterContent/Textures/T_Bush_N.uasset" 179
"../../../../../../Users/Mitchell/Documents/Unreal Projects/SnakeEater1/Content/StarterContent/Props/Materials/M_Bush.uasset" 180
"../../../../../../Users/Mitchell/Documents/Unreal Projects/SnakeEater1/Content/StarterContent/Props/SM_Bush.uasset" 181
"../../../../../../Users/Mitchell/Documents/Unreal Projects/SnakeEater1/Content/StarterContent/Textures/T_Chair_M.uasset" 182
"../../../../../../Users/Mitchell/Documents/Unreal Projects/SnakeEater1/Content/StarterContent/Textures/T_Chair_N.uasset" 183
"../../../../../../Users/Mitchell/Documents/Unreal Projects/SnakeEater1/Content/StarterContent/Props/Materials/M_Chair.uasset" 184
"../../../../../../Users/Mitchell/Documents/Unreal Projects/SnakeEater1/Content/StarterContent/Props/SM_Couch.uasset" 185
"../../../../../../Users/Mitchell/Documents/Unreal Projects/SnakeEater1/Content/StarterContent/Materials/M_Glass.uasset" 186
"../../../../../../Users/Mitchell/Documents/Unreal Projects/SnakeEater1/Content/StarterContent/Textures/T_Door_M.uasset" 187
"../../../../../../Users/Mitchell/Documents/Unreal Projects/SnakeEater1/Content/StarterContent/Textures/T_Door_N.uasset" 188
"../../../../../../Users/Mitchell/Documents/Unreal Projects/SnakeEater1/Content/StarterContent/Props/Materials/M_Door.uasset" 189
"../../../../../../Users/Mitchell/Documents/Unreal Projects/SnakeEater1/Content/StarterContent/Props/SM_Door.uasset" 190
"../../../../../../Users/Mitchell/Documents/Unreal Projects/SnakeEater1/Content/StarterContent/Props/Materials/M_MaterialSphere.uasset" 191
"../../../../../../Users/Mitchell/Documents/Unreal Projects/SnakeEater1/Content/StarterContent/Props/Materials/M_MaterialSphere_Plain.uasset" 192
"../../../../../../Users/Mitchell/Documents/Unreal Projects/SnakeEater1/Content/StarterContent/Props/SM_MatPreviewMesh_02.uasset" 193
"../../../../../../Users/Mitchell/Documents/Unreal Projects/SnakeEater1/Content/StarterContent/Textures/T_Detail_Rocky_N.uasset" 194
"../../../../../../Users/Mitchell/Documents/Unreal Projects/SnakeEater1/Content/StarterContent/Textures/T_Rock_Basalt_D.uasset" 195
"../../../../../../Users/Mitchell/Documents/Unreal Projects/SnakeEater1/Content/StarterContent/Textures/T_RockMesh_M.uasset" 196
"../../../../../../Users/Mitchell/Documents/Unreal Projects/SnakeEater1/Content/StarterContent/Textures/T_RockMesh_N.uasset" 197
"../../../../../../Users/Mitchell/Documents/Unreal Projects/SnakeEater1/Content/StarterContent/Props/Materials/M_Rock.uasset" 198
"../../../../../../Users/Mitchell/Documents/Unreal Projects/SnakeEater1/Content/StarterContent/Props/SM_Rock.uasset" 199
"../../../../../../Users/Mitchell/Documents/Unreal Projects/SnakeEater1/Content/StarterContent/Textures/T_Shelf_M.uasset" 200
"../../../../../../Users/Mitchell/Documents/Unreal Projects/SnakeEater1/Content/StarterContent/Textures/T_Shelf_N.uasset" 201
"../../../../../../Users/Mitchell/Documents/Unreal Projects/SnakeEater1/Content/StarterContent/Props/Materials/M_Shelf.uasset" 202
"../../../../../../Users/Mitchell/Documents/Unreal Projects/SnakeEater1/Content/StarterContent/Props/SM_Shelf.uasset" 203
"../../../../../../Users/Mitchell/Documents/Unreal Projects/SnakeEater1/Content/StarterContent/Shapes/Shape_Cone.uasset" 204
"../../../../../../Users/Mitchell/Documents/Unreal Projects/SnakeEater1/Content/StarterContent/Shapes/Shape_Cylinder.uasset" 205
"../../../../../../Users/Mitchell/Documents/Unreal Projects/SnakeEater1/Content/StarterContent/Shapes/Shape_Pipe.uasset" 206
"../../../../../../Users/Mitchell/Documents/Unreal Projects/SnakeEater1/Content/StarterContent/Shapes/Shape_Pipe_180.uasset" 207
"../../../../../../Users/Mitchell/Documents/Unreal Projects/SnakeEater1/Content/StarterContent/Shapes/Shape_Pipe_90.uasset" 208
"../../../../../../Users/Mitchell/Documents/Unreal Projects/SnakeEater1/Content/StarterContent/Shapes/Shape_Plane.uasset" 209
"../../../../../../Users/Mitchell/Documents/Unreal Projects/SnakeEater1/Content/StarterContent/Shapes/Shape_Torus.uasset" 210
"../../../../../../Users/Mitchell/Documents/Unreal Projects/SnakeEater1/Content/StarterContent/Shapes/Shape_Trim.uasset" 211
"../../../../../../Users/Mitchell/Documents/Unreal Projects/SnakeEater1/Content/StarterContent/Shapes/Shape_Trim_90_In.uasset" 212
"../../../../../../Users/Mitchell/Documents/Unreal Projects/SnakeEater1/Content/StarterContent/Shapes/Shape_Trim_90_Out.uasset" 213
"../../../../../../Users/Mitchell/Documents/Unreal Projects/SnakeEater1/Content/StarterContent/Shapes/Shape_TriPyramid.uasset" 214
"../../../../../../Users/Mitchell/Documents/Unreal Projects/SnakeEater1/Content/StarterContent/Shapes/Shape_Tube.uasset" 215
"../../../../../../Users/Mitchell/Documents/Unreal Projects/SnakeEater1/Content/StarterContent/Shapes/Shape_Wedge_A.uasset" 216
"../../../../../../Users/Mitchell/Documents/Unreal Projects/SnakeEater1/Content/StarterContent/Shapes/Shape_Wedge_B.uasset" 217
"../../../../../../Users/Mitchell/Documents/Unreal Projects/SnakeEater1/Content/StarterContent/Shapes/Shape_WideCapsule.uasset" 218
"../../../../../../Users/Mitchell/Documents/Unreal Projects/SnakeEater1/Content/StarterContent/Textures/T_Burst_M.uasset" 219
"../../../../../../Users/Mitchell/Documents/Unreal Projects/SnakeEater1/Content/StarterContent/Textures/T_Explosion_SubUV.uasset" 220
"../../../../../../Users/Mitchell/Documents/Unreal Projects/SnakeEater1/Content/StarterContent/Textures/T_Metal_Gold_D.uasset" 221
"../../../../../../Users/Mitchell/Documents/Unreal Projects/SnakeEater1/Content/StarterContent/Textures/T_Smoke_SubUV.uasset" 222
"../../../../../../Users/Mitchell/Documents/Unreal Projects/SnakeEater1/Content/StarterContent/Textures/T_Smoke_Tiled_D.uasset" 223
"../../../../../../Users/Mitchell/Documents/Unreal Projects/SnakeEater1/Content/ThirdPersonCPP/BasicMoveToAnimBP.uasset" 224
"../../../../../../Users/Mitchell/Documents/Unreal Projects/SnakeEater1/Content/ThirdPersonCPP/DoesThisCrashUnreal.uasset" 225
"../../../../../../Users/Mitchell/Documents/Unreal Projects/SnakeEater1/Content/ThirdPersonCPP/IdleAnim.uasset" 226
"../../../../../../Users/Mitchell/Documents/Unreal Projects/SnakeEater1/Content/ThirdPersonCPP/PlaceHolderBB.uasset" 227
"../../../../../../Users/Mitchell/Documents/Unreal Projects/SnakeEater1/Content/ThirdPersonCPP/PlaceHolderBT.uasset" 228
"../../../../../../Users/Mitchell/Documents/Unreal Projects/SnakeEater1/Content/ThirdPersonCPP/SpawnPointWeap.uasset" 229
"../../../../../../Users/Mitchell/Documents/Unreal Projects/SnakeEater1/Content/Mannequin/Animations/ThirdPerson_Jump.uasset" 230
"../../../../../../Users/Mitchell/Documents/Unreal Projects/SnakeEater1/Content/Mannequin/Animations/ThirdPersonJump_Loop.uasset" 231
"../../../../../../Users/Mitchell/Documents/Unreal Projects/SnakeEater1/Content/Mannequin/Animations/ThirdPersonJump_Start.uasset" 232
"../../../../../../Users/Mitchell/Documents/Unreal Projects/SnakeEater1/Content/Mannequin/Animations/ThirdPersonIdle.uasset" 233
"../../../../../../Users/Mitchell/Documents/Unreal Projects/SnakeEater1/Content/Mannequin/Animations/ThirdPersonRun.uasset" 234
"../../../../../../Users/Mitchell/Documents/Unreal Projects/SnakeEater1/Content/Mannequin/Animations/ThirdPersonWalk.uasset" 235
"../../../../../../Users/Mitchell/Documents/Unreal Projects/SnakeEater1/Content/Mannequin/Animations/ThirdPerson_IdleRun_2D.uasset" 236
"../../../../../../Users/Mitchell/Documents/Unreal Projects/SnakeEater1/Content/Mannequin/Animations/ThirdPerson_AnimBP.uasset" 237
"../../../../../../Users/Mitchell/Documents/Unreal Projects/SnakeEater1/Content/Mannequin/Character/Materials/MaterialLayers/T_ML_Rubber_Blue_01_D.uasset" 238
"../../../../../../Users/Mitchell/Documents/Unreal Projects/SnakeEater1/Content/Mannequin/Character/Materials/MaterialLayers/T_ML_Rubber_Blue_01_N.uasset" 239
"../../../../../../Users/Mitchell/Documents/Unreal Projects/SnakeEater1/Content/Mannequin/Character/Materials/MaterialLayers/ML_GlossyBlack_Latex_UE4.uasset" 240
"../../../../../../Users/Mitchell/Documents/Unreal Projects/SnakeEater1/Content/Mannequin/Character/Materials/MaterialLayers/ML_Plastic_Shiny_Beige.uasset" 241
"../../../../../../Users/Mitchell/Documents/Unreal Projects/SnakeEater1/Content/Mannequin/Character/Textures/UE4_LOGO_CARD.uasset" 242
"../../../../../../Users/Mitchell/Documents/Unreal Projects/SnakeEater1/Content/Mannequin/Character/Materials/MaterialLayers/ML_Plastic_Shiny_Beige_LOGO.uasset" 243
"../../../../../../Users/Mitchell/Documents/Unreal Projects/SnakeEater1/Content/Mannequin/Character/Materials/MaterialLayers/T_ML_Aluminum01.uasset" 244
"../../../../../../Users/Mitchell/Documents/Unreal Projects/SnakeEater1/Content/Mannequin/Character/Materials/MaterialLayers/T_ML_Aluminum01_N.uasset" 245
"../../../../../../Users/Mitchell/Documents/Unreal Projects/SnakeEater1/Content/Mannequin/Character/Materials/MaterialLayers/ML_SoftMetal_UE4.uasset" 246
"../../../../../../Users/Mitchell/Documents/Unreal Projects/SnakeEater1/Content/Mannequin/Character/Textures/UE4_Mannequin__normals.uasset" 247
"../../../../../../Users/Mitchell/Documents/Unreal Projects/SnakeEater1/Content/Mannequin/Character/Textures/UE4_Mannequin_MAT_MASKA.uasset" 248
"../../../../../../Users/Mitchell/Documents/Unreal Projects/SnakeEater1/Content/Mannequin/Character/Materials/M_UE4Man_Body.uasset" 249
"../../../../../../Users/Mitchell/Documents/Unreal Projects/SnakeEater1/Content/Mannequin/Character/Textures/UE4Man_Logo_N.uasset" 250
"../../../../../../Users/Mitchell/Documents/Unreal Projects/SnakeEater1/Content/Mannequin/Character/Materials/M_UE4Man_ChestLogo.uasset" 251
"../../../../../../Users/Mitchell/Documents/Unreal Projects/SnakeEater1/Content/Mannequin/Character/Mesh/SK_Mannequin_PhysicsAsset.uasset" 252
"../../../../../../Users/Mitchell/Documents/Unreal Projects/SnakeEater1/Content/Mannequin/Character/Mesh/SK_Mannequin.uasset" 253
"../../../../../../Users/Mitchell/Documents/Unreal Projects/SnakeEater1/Content/ThirdPersonCPP/TestAICharacter.uasset" 254
"../../../../../../Users/Mitchell/Documents/Unreal Projects/SnakeEater1/Content/ThirdPersonCPP/TestAIController.uasset" 255
"../../../../../../Users/Mitchell/Documents/Unreal Projects/SnakeEater1/Content/ThirdPersonCPP/TestWeaponPickupChar.uasset" 256
"../../../../../../Users/Mitchell/Documents/Unreal Projects/SnakeEater1/Content/ThirdPersonCPP/Trailer.uasset" 257
"../../../../../../Users/Mitchell/Documents/Unreal Projects/SnakeEater1/Content/ThirdPersonCPP/Blueprints/ThirdPersonCharacter.uasset" 258
"../../../../../../Users/Mitchell/Documents/Unreal Projects/SnakeEater1/Content/AnimStarterPack/Jump_From_Stand_Ironsights.uasset" 259
"../../../../../../Users/Mitchell/Documents/Unreal Projects/SnakeEater1/Content/ThirdPersonCPP/Character/Jump_BS.uasset" 260
"../../../../../../Users/Mitchell/Documents/Unreal Projects/SnakeEater1/Content/ThirdPersonCPP/Desk/Dark-Wood-Texture-520x339.uasset" 261
"../../../Engine/Content/Functions/Engine_MaterialFunctions01/Opacity/CameraDepthFade.uasset" 262
"../../../Engine/Content/EngineMaterials/T_Default_Material_Grid_M.uasset" 263
"../../../Engine/Content/EngineMaterials/T_Default_Material_Grid_N.uasset" 264
"../../../Engine/Content/EngineMaterials/WorldGridMaterial.uasset" 265
"../../../Engine/Content/ArtTools/RenderToTexture/Meshes/S_1_Unit_Plane.uasset" 266
"../../../Engine/Content/EngineMaterials/DefaultMaterial.uasset" 267
"../../../Engine/Content/BasicShapes/Cone.uasset" 268
"../../../Engine/Content/BasicShapes/Cube.uasset" 269
"../../../Engine/Content/BasicShapes/Cylinder.uasset" 270
"../../../Engine/Content/BasicShapes/Plane.uasset" 271
"../../../Engine/Content/BasicShapes/Sphere.uasset" 272
"../../../Engine/Content/EditorLandscapeResources/DataLayer.uasset" 273
"../../../Engine/Content/EditorMaterials/GizmoMaterial.uasset" 274
"../../../Engine/Content/EditorMaterials/MAT_Groups_Toggle.uasset" 275
"../../../Engine/Content/EditorMaterials/MAT_Groups_Visibility.uasset" 276
"../../../Engine/Content/EditorMaterials/PreviewShadowIndicator.uasset" 277
"../../../Engine/Content/EditorMaterials/PreviewShadowIndicatorMaterial.uasset" 278
"../../../Engine/Content/EditorMaterials/MatineeGroups/MAT_ColorTrack.uasset" 279
"../../../Engine/Content/EditorMaterials/MatineeGroups/MAT_Groups_Anim.uasset" 280
"../../../Engine/Content/EditorMaterials/MatineeGroups/MAT_Groups_AudioMaster.uasset" 281
"../../../Engine/Content/EditorMaterials/MatineeGroups/MAT_Groups_Director.uasset" 282
"../../../Engine/Content/EditorMaterials/MatineeGroups/MAT_Groups_Event.uasset" 283
"../../../Engine/Content/EditorMaterials/MatineeGroups/MAT_Groups_Fade.uasset" 284
"../../../Engine/Content/EditorMaterials/MatineeGroups/MAT_Groups_Float.uasset" 285
"../../../Engine/Content/EditorMaterials/MatineeGroups/MAT_Groups_Move.uasset" 286
"../../../Engine/Content/EditorMaterials/MatineeGroups/MAT_Groups_Slomo.uasset" 287
"../../../Engine/Content/EditorMaterials/MatineeGroups/MAT_Groups_Sound.uasset" 288
"../../../Engine/Content/EditorMaterials/MatineeGroups/MAT_Groups_Vector.uasset" 289
"../../../Engine/Content/EditorMaterials/ParticleSystems/PSysThumbnail_NoImage.uasset" 290
"../../../Engine/Content/EditorMaterials/ParticleSystems/PSysThumbnail_OOD.uasset" 291
"../../../Engine/Content/EditorMaterials/Camera/CineMat.uasset" 292
"../../../Engine/Content/EditorMaterials/Camera/MI_CineMat_Rig.uasset" 293
"../../../Engine/Content/EditorMeshes/Camera/SM_CraneRig_Arm.uasset" 294
"../../../Engine/Content/EditorMeshes/Camera/SM_CraneRig_Base.uasset" 295
"../../../Engine/Content/EditorMeshes/Camera/SM_CraneRig_Body.uasset" 296
"../../../Engine/Content/EditorMeshes/Camera/SM_CraneRig_Mount.uasset" 297
"../../../Engine/Content/EditorMeshes/Camera/SM_RailRig_Mount.uasset" 298
"../../../Engine/Content/EditorMeshes/Camera/SM_RailRig_Track.uasset" 299
"../../../Engine/Content/EditorResources/BSPVertex.uasset" 300
"../../../Engine/Content/EditorResources/EmptyActor.uasset" 301
"../../../Engine/Content/EditorResources/S_Actor.uasset" 302
"../../../Engine/Content/EditorResources/S_Trigger.uasset" 303
"../../../Engine/Content/EditorResources/AudioIcons/S_AudioComponent.uasset" 304
"../../../Engine/Content/EditorResources/AudioIcons/S_AudioComponent_AutoActivate.uasset" 305
"../../../Engine/Content/EditorResources/LightIcons/S_LightError.uasset" 306
"../../../Engine/Content/EditorResources/SequenceRecorder/Countdown.uasset" 307
"../../../Engine/Content/EditorResources/SequenceRecorder/RecordingIndicator.uasset" 308
"../../../Engine/Content/EditorSounds/Notifications/CompileFailed.uasset" 309
"../../../Engine/Content/EditorSounds/Notifications/CompileFailed_Cue.uasset" 310
"../../../Engine/Content/EditorSounds/Notifications/CompileSuccess.uasset" 311
"../../../Engine/Content/EditorSounds/Notifications/CompileStart_Cue.uasset" 312
"../../../Engine/Content/EditorSounds/Notifications/CompileSuccess_Cue.uasset" 313
"../../../Engine/Content/EngineDamageTypes/DmgTypeBP_Environmental.uasset" 314
"../../../Engine/Content/EngineDebugMaterials/HeatmapGradient.uasset" 315
"../../../Engine/Content/EngineDebugMaterials/BoneWeightMaterial.uasset" 316
"../../../Engine/Content/EngineDebugMaterials/ClothMaterial.uasset" 317
"../../../Engine/Content/EngineDebugMaterials/ClothMaterial_WF.uasset" 318
"../../../Engine/Content/EngineDebugMaterials/DebugEditorMaterial.uasset" 319
"../../../Engine/Content/EngineDebugMaterials/DebugMeshMaterial.uasset" 320
"../../../Engine/Content/EngineDebugMaterials/GeomMaterial.uasset" 321
"../../../Engine/Content/EngineDebugMaterials/M_SimpleTranslucent.uasset" 322
"../../../Engine/Content/EngineFonts/Faces/RobotoBold.uasset" 323
"../../../Engine/Content/EngineFonts/Faces/RobotoBoldItalic.uasset" 324
"../../../Engine/Content/EngineFonts/Faces/RobotoItalic.uasset" 325
"../../../Engine/Content/EngineFonts/Faces/RobotoLight.uasset" 326
"../../../Engine/Content/EngineFonts/Faces/RobotoRegular.uasset" 327
"../../../Engine/Content/EngineFonts/Roboto.uasset" 328
"../../../Engine/Content/EngineFonts/Faces/RobotoTiny.uasset" 329
"../../../Engine/Content/EngineFonts/RobotoTiny.uasset" 330
"../../../Engine/Content/EngineMaterials/BaseFlattenDiffuseMap.uasset" 331
"../../../Engine/Content/EngineMaterials/BaseFlattenEmissiveMap.uasset" 332
"../../../Engine/Content/EngineMaterials/BaseFlattenGrayscaleMap.uasset" 333
"../../../Engine/Content/EngineMaterials/BaseFlattenNormalMap.uasset" 334
"../../../Engine/Content/EngineMaterials/BaseFlattenMaterial.uasset" 335
"../../../Engine/Content/EngineMaterials/DefaultBloomKernel.uasset" 336
"../../../Engine/Content/EngineMaterials/DefaultBokeh.uasset" 337
"../../../Engine/Content/EngineMaterials/DefaultDiffuse.uasset" 338
"../../../Engine/Content/EngineMaterials/DefaultDeferredDecalMaterial.uasset" 339
"../../../Engine/Content/EngineMaterials/DefaultLightFunctionMaterial.uasset" 340
"../../../Engine/Content/EngineMaterials/DefaultPhysicalMaterial.uasset" 341
"../../../Engine/Content/Functions/Engine_MaterialFunctions02/Utility/BreakOutFloat2Components.uasset" 342
"../../../Engine/Content/EngineMaterials/DefaultPostProcessMaterial.uasset" 343
"../../../Engine/Content/EngineFonts/RobotoDistanceField.uasset" 344
"../../../Engine/Content/EngineMaterials/DefaultTextMaterialOpaque.uasset" 345
"../../../Engine/Content/EngineMaterials/DefaultWhiteGrid.uasset" 346
"../../../Engine/Content/EngineMaterials/EditorBrushMaterial.uasset" 347
"../../../Engine/Content/EngineMaterials/Good64x64TilingNoiseHighFreq.uasset" 348
"../../../Engine/Content/EngineMaterials/MiniFont.uasset" 349
"../../../Engine/Content/EngineMaterials/InvalidLightmapSettings.uasset" 350
"../../../Engine/Content/EngineMaterials/M_InvalidLightmapSettings.uasset" 351
"../../../Engine/Content/Functions/Engine_MaterialFunctions02/WorldPositionOffset/CameraOffset.uasset" 352
"../../../Engine/Content/EngineMaterials/PhAT_JointLimitMaterial.uasset" 353
"../../../Engine/Content/EngineMaterials/PreintegratedSkinBRDF.uasset" 354
"../../../Engine/Content/EngineMaterials/RemoveSurfaceMaterial.uasset" 355
"../../../Engine/Content/EngineMaterials/WeightMapPlaceholderTexture.uasset" 356
"../../../Engine/Content/EngineResources/WhiteSquareTexture.uasset" 357
"../../../Engine/Content/EngineMaterials/Widget3DPassThrough.uasset" 358
"../../../Engine/Content/EngineMaterials/Widget3DPassThrough_Masked.uasset" 359
"../../../Engine/Content/EngineMaterials/Widget3DPassThrough_Opaque.uasset" 360
"../../../Engine/Content/EngineMaterials/Widget3DPassThrough_Masked_OneSided.uasset" 361
"../../../Engine/Content/EngineMaterials/Widget3DPassThrough_Opaque_OneSided.uasset" 362
"../../../Engine/Content/EngineMaterials/Widget3DPassThrough_Translucent.uasset" 363
"../../../Engine/Content/EngineMaterials/Widget3DPassThrough_Translucent_OneSided.uasset" 364
"../../../Engine/Content/EngineMeshes/Cylinder.uasset" 365
"../../../Engine/Content/EngineMeshes/Sphere.uasset" 366
"../../../Engine/Content/EngineResources/Black.uasset" 367
"../../../Engine/Content/EngineResources/DefaultTexture.uasset" 368
"../../../Engine/Content/EngineResources/DefaultTextureCube.uasset" 369
"../../../Engine/Content/EngineResources/DefaultVolumeTexture2D.uasset" 370
"../../../Engine/Content/EngineResources/DefaultVolumeTexture.uasset" 371
"../../../Engine/Content/EngineResources/GradientTexture0.uasset" 372
"../../../Engine/Content/EngineSounds/Master.uasset" 373
"../../../Engine/Content/Functions/Engine_MaterialFunctions01/Shading/ConvertFromDiffSpec.uasset" 374
"../../../Engine/Content/Functions/Engine_MaterialFunctions01/Shading/PowerToRoughness.uasset" 375
"../../../Engine/Content/Maps/Templates/Thumbnails/Default.uasset" 376
"../../../Engine/Content/Maps/Templates/Thumbnails/VR-Basic.uasset" 377
"../../../Engine/Content/MobileResources/T_MobileControls_texture.uasset" 378
"../../../Engine/Content/MobileResources/T_MobileMenu2.uasset" 379
"../../../Engine/Content/MobileResources/HUD/AnalogHat.uasset" 380
"../../../Engine/Content/MobileResources/HUD/VirtualJoystick_Background.uasset" 381
"../../../Engine/Content/MobileResources/HUD/VirtualJoystick_Thumb.uasset" 382
"../../../Engine/Content/MobileResources/HUD/DefaultVirtualJoysticks.uasset" 383
"../../../Engine/Content/MobileResources/HUD/LeftVirtualJoystickOnly.uasset" 384
"../../../Engine/Content/MobileResources/HUD/MobileHUDButton1_off.uasset" 385
"../../../Engine/Content/MobileResources/HUD/MobileHUDButton1_on.uasset" 386
"../../../Engine/Content/MobileResources/HUD/MobileHUDButton2_off.uasset" 387
"../../../Engine/Content/MobileResources/HUD/MobileHUDButton2_on.uasset" 388
"../../../Engine/Content/MobileResources/HUD/MobileHUDButton3.uasset" 389
"../../../Engine/Content/MobileResources/HUD/MobileHUDButtonFire.uasset" 390
"../../../Engine/Content/MobileResources/HUD/MobileHUDDirectionPad.uasset" 391
"../../../Engine/Content/MobileResources/HUD/MobileHUDDirectionPad2.uasset" 392
"../../../Engine/Content/MobileResources/HUD/MobileHUDDirectionPad3.uasset" 393
"../../../Engine/Content/MobileResources/HUD/MobileHUDDirectionStick.uasset" 394
"../../../Engine/Content/MobileResources/HUD/T_Castle_ThumbstickInner.uasset" 395
"../../../Engine/Content/MobileResources/HUD/T_Castle_ThumbstickOutter.uasset" 396
"../../../Engine/Content/Tutorial/ContentIntroCurve.uasset" 397
"../../../Engine/Content/Tutorial/Basics/TutorialAssets/icon_tab_Levels_40x.uasset" 398
"../../../Engine/Content/VREditor/LaserPointer/VR_LaserPower_01.uasset" 399
"../../../Engine/Content/VREditor/TransformGizmo/TransformGizmoMaterial.uasset" 400
"../../../Engine/Content/VREditor/TransformGizmo/TranslucentTransformGizmoMaterial.uasset" 401
"../../../Engine/Content/VREditor/TransformGizmo/BoundingBoxCorner.uasset" 402
"../../../Engine/Content/VREditor/TransformGizmo/BoundingBoxEdge.uasset" 403
"../../../Engine/Content/VREditor/TransformGizmo/PlaneTranslationHandle.uasset" 404
"../../../Engine/Content/VREditor/TransformGizmo/Main.uasset" 405
"../../../Engine/Content/VREditor/TransformGizmo/Xray.uasset" 406
"../../../Engine/Content/VREditor/TransformGizmo/SM_Sequencer_Key.uasset" 407
"../../../Engine/Content/VREditor/TransformGizmo/SM_Sequencer_Node.uasset" 408
"../../Plugins/2D/Paper2D/Content/PlaceholderTextures/DummySpriteTexture.uasset" 409
"../../Plugins/2D/Paper2D/Content/DummySprite.uasset" 410
"../../Plugins/2D/Paper2D/Content/DefaultPaperTerrainMaterial.uasset" 411
"../../Plugins/2D/Paper2D/Content/DefaultSpriteMaterial.uasset" 412
"../../Plugins/2D/Paper2D/Content/MaskedUnlitSpriteMaterial.uasset" 413
"../../Plugins/2D/Paper2D/Content/OpaqueUnlitSpriteMaterial.uasset" 414
"../../Plugins/Runtime/Oculus/OculusVR/Content/Materials/PokeAHoleMaterial.uasset" 415
"../../Plugins/Runtime/Oculus/OculusVR/Content/Textures/GearVRController_AO.uasset" 416
"../../Plugins/Runtime/Oculus/OculusVR/Content/Textures/GearVRController_Color.uasset" 417
"../../Plugins/Runtime/Oculus/OculusVR/Content/Textures/GearVRController_Normal.uasset" 418
"../../Plugins/Runtime/Oculus/OculusVR/Content/Materials/GearVRControllerMaterial.uasset" 419
"../../Plugins/Runtime/Oculus/OculusVR/Content/Meshes/GearVrController.uasset" 420
"../../Plugins/Runtime/Oculus/OculusVR/Content/Textures/touchController_albedo.uasset" 421
"../../Plugins/Runtime/Oculus/OculusVR/Content/Textures/touchController_controlmap.uasset" 422
"../../Plugins/Runtime/Oculus/OculusVR/Content/Materials/touchController_mat.uasset" 423
"../../Plugins/Runtime/Oculus/OculusVR/Content/Meshes/LeftTouchController.uasset" 424
"../../Plugins/Runtime/Oculus/OculusVR/Content/Meshes/RiftHMD.uasset" 425
"../../Plugins/Runtime/Oculus/OculusVR/Content/Meshes/RightTouchController.uasset" 426
"../../../../../../Users/Mitchell/Documents/Unreal Projects/SnakeEater1/Content/AnimStarterPack/Equip_Pistol_Standing.uasset" 427
"../../../../../../Users/Mitchell/Documents/Unreal Projects/SnakeEater1/Content/AnimStarterPack/Hit_React_1.uasset" 428
"../../../../../../Users/Mitchell/Documents/Unreal Projects/SnakeEater1/Content/AnimStarterPack/Hit_React_2.uasset" 429
"../../../../../../Users/Mitchell/Documents/Unreal Projects/SnakeEater1/Content/AnimStarterPack/Hit_React_3.uasset" 430
"../../../../../../Users/Mitchell/Documents/Unreal Projects/SnakeEater1/Content/AnimStarterPack/Idle_Rifle_Hip_Break2.uasset" 431
"../../../../../../Users/Mitchell/Documents/Unreal Projects/SnakeEater1/Content/AnimStarterPack/Reload_Rifle_Hip.uasset" 432
"../../../Engine/Content/EngineSky/C_Sky_Cloud_Color.uasset" 433
"../../../Engine/Content/EngineSky/C_Sky_Horizon_Color.uasset" 434
"../../../Engine/Content/EngineSky/C_Sky_Zenith_Color.uasset" 435
"../../../Engine/Content/EngineSky/T_Sky_Blue.uasset" 436
"../../../Engine/Content/EngineSky/T_Sky_Clouds_M.uasset" 437
"../../../Engine/Content/EngineSky/T_Sky_Stars.uasset" 438
"../../../Engine/Content/EngineSky/M_Sky_Panning_Clouds2.uasset" 439
"../../../Engine/Content/EngineSky/SM_SkySphere.uasset" 440
"../../../Engine/Content/EngineSky/BP_Sky_Sphere.uasset" 441
"../../../Engine/Content/TemplateResources/M_Template_Master.uasset" 442
"../../../Engine/Content/TemplateResources/MI_Template_BaseGray_03_Metal.uasset" 443
"../../../../../../Users/Mitchell/Documents/Unreal Projects/SnakeEater1/Content/AnimStarterPack/Showcase.umap" 444
"../../../../../../Users/Mitchell/Documents/Unreal Projects/SnakeEater1/Content/StarterContent/Blueprints/Assets/FogBrightnessLUT.uasset" 445
"../../../../../../Users/Mitchell/Documents/Unreal Projects/SnakeEater1/Content/StarterContent/Blueprints/Assets/SunlightColorLUT.uasset" 446
"../../../../../../Users/Mitchell/Documents/Unreal Projects/SnakeEater1/Content/StarterContent/Blueprints/Assets/M_LightStage_Arrows.uasset" 447
"../../../Engine/Content/MapTemplates/Sky/DaylightAmbientCubemap.uasset" 448
"../../../../../../Users/Mitchell/Documents/Unreal Projects/SnakeEater1/Content/StarterContent/Blueprints/Assets/M_LightStage_Skybox_Master.uasset" 449
"../../../../../../Users/Mitchell/Documents/Unreal Projects/SnakeEater1/Content/StarterContent/Blueprints/Assets/M_LightStage_Skybox_Black.uasset" 450
"../../../../../../Users/Mitchell/Documents/Unreal Projects/SnakeEater1/Content/StarterContent/Blueprints/Assets/M_LightStage_Skybox_HDRI.uasset" 451
"../../../Engine/Content/EditorMaterials/Thumbnails/SkySphereMaterial.uasset" 452
"../../../../../../Users/Mitchell/Documents/Unreal Projects/SnakeEater1/Content/StarterContent/Blueprints/Assets/Skybox.uasset" 453
"../../../../../../Users/Mitchell/Documents/Unreal Projects/SnakeEater1/Content/StarterContent/Blueprints/Assets/SM_Arrows.uasset" 454
"../../../../../../Users/Mitchell/Documents/Unreal Projects/SnakeEater1/Content/StarterContent/HDRI/HDRI_Epic_Courtyard_Daylight.uasset" 455
"../../../../../../Users/Mitchell/Documents/Unreal Projects/SnakeEater1/Content/StarterContent/Blueprints/BP_LightStudio.uasset" 456
"../../../../../../Users/Mitchell/Documents/Unreal Projects/SnakeEater1/Content/StarterContent/Maps/Advanced_Lighting_BuiltData.uasset" 457
"../../../../../../Users/Mitchell/Documents/Unreal Projects/SnakeEater1/Content/StarterContent/Materials/M_AssetPlatform.uasset" 458
"../../../Engine/Content/EditorMeshes/ColorCalibrator/M_ChromeBall.uasset" 459
"../../../Engine/Content/EditorMeshes/ColorCalibrator/M_ClearCoat.uasset" 460
"../../../Engine/Content/EditorMeshes/ColorCalibrator/M_ClearCoatBlack.uasset" 461
"../../../Engine/Content/EditorMeshes/ColorCalibrator/Color_checker.uasset" 462
"../../../Engine/Content/EditorMeshes/ColorCalibrator/M_ColorGrid.uasset" 463
"../../../Engine/Content/EditorMeshes/ColorCalibrator/M_GreyBall.uasset" 464
"../../../Engine/Content/EditorMeshes/ColorCalibrator/SM_ColorCalibrator.uasset" 465
"../../../../../../Users/Mitchell/Documents/Unreal Projects/SnakeEater1/Content/StarterContent/Architecture/SM_AssetPlatform.uasset" 466
"../../../../../../Users/Mitchell/Documents/Unreal Projects/SnakeEater1/Content/StarterContent/Maps/Advanced_Lighting.umap" 467
"../../../../../../Users/Mitchell/Documents/Unreal Projects/SnakeEater1/Content/StarterContent/Maps/Minimal_Default_BuiltData.uasset" 468
"../../../../../../Users/Mitchell/Documents/Unreal Projects/SnakeEater1/Content/StarterContent/Textures/T_MacroVariation.uasset" 469
"../../../../../../Users/Mitchell/Documents/Unreal Projects/SnakeEater1/Content/StarterContent/Materials/M_Metal_Brushed_Nickel.uasset" 470
"../../../../../../Users/Mitchell/Documents/Unreal Projects/SnakeEater1/Content/StarterContent/Textures/T_Metal_Aluminum_D.uasset" 471
"../../../../../../Users/Mitchell/Documents/Unreal Projects/SnakeEater1/Content/StarterContent/Textures/T_Metal_Gold_N.uasset" 472
"../../../../../../Users/Mitchell/Documents/Unreal Projects/SnakeEater1/Content/StarterContent/Materials/M_Metal_Burnished_Steel.uasset" 473
"../../../../../../Users/Mitchell/Documents/Unreal Projects/SnakeEater1/Content/StarterContent/Textures/T_Metal_Copper_D.uasset" 474
"../../../../../../Users/Mitchell/Documents/Unreal Projects/SnakeEater1/Content/StarterContent/Materials/M_Metal_Copper.uasset" 475
"../../../../../../Users/Mitchell/Documents/Unreal Projects/SnakeEater1/Content/StarterContent/Textures/T_Statue_M.uasset" 476
"../../../../../../Users/Mitchell/Documents/Unreal Projects/SnakeEater1/Content/StarterContent/Textures/T_Statue_N.uasset" 477
"../../../../../../Users/Mitchell/Documents/Unreal Projects/SnakeEater1/Content/StarterContent/Props/Materials/M_StatueGlass.uasset" 478
"../../../../../../Users/Mitchell/Documents/Unreal Projects/SnakeEater1/Content/StarterContent/Materials/M_Basic_Floor.uasset" 479
"../../../../../../Users/Mitchell/Documents/Unreal Projects/SnakeEater1/Content/StarterContent/Architecture/Floor_400x400.uasset" 480
"../../../../../../Users/Mitchell/Documents/Unreal Projects/SnakeEater1/Content/StarterContent/Audio/Starter_Background_Cue.uasset" 481
"../../../../../../Users/Mitchell/Documents/Unreal Projects/SnakeEater1/Content/StarterContent/Props/SM_Chair.uasset" 482
"../../../../../../Users/Mitchell/Documents/Unreal Projects/SnakeEater1/Content/StarterContent/Props/Materials/M_Statue.uasset" 483
"../../../../../../Users/Mitchell/Documents/Unreal Projects/SnakeEater1/Content/StarterContent/Props/SM_Statue.uasset" 484
"../../../../../../Users/Mitchell/Documents/Unreal Projects/SnakeEater1/Content/StarterContent/Textures/T_TableRound_M.uasset" 485
"../../../../../../Users/Mitchell/Documents/Unreal Projects/SnakeEater1/Content/StarterContent/Textures/T_TableRound_N.uasset" 486
"../../../../../../Users/Mitchell/Documents/Unreal Projects/SnakeEater1/Content/StarterContent/Props/Materials/M_TableRound.uasset" 487
"../../../../../../Users/Mitchell/Documents/Unreal Projects/SnakeEater1/Content/StarterContent/Props/SM_TableRound.uasset" 488
"../../../../../../Users/Mitchell/Documents/Unreal Projects/SnakeEater1/Content/StarterContent/Maps/Minimal_Default.umap" 489
"../../../../../../Users/Mitchell/Documents/Unreal Projects/SnakeEater1/Content/StarterContent/Audio/Fire01_Cue.uasset" 490
"../../../../../../Users/Mitchell/Documents/Unreal Projects/SnakeEater1/Content/StarterContent/Textures/T_Fire_SubUV.uasset" 491
"../../../../../../Users/Mitchell/Documents/Unreal Projects/SnakeEater1/Content/StarterContent/Textures/T_Fire_Tiled_D.uasset" 492
"../../../../../../Users/Mitchell/Documents/Unreal Projects/SnakeEater1/Content/StarterContent/Particles/Materials/M_Fire_SubUV.uasset" 493
"../../../../../../Users/Mitchell/Documents/Unreal Projects/SnakeEater1/Content/StarterContent/Textures/T_Water_N.uasset" 494
"../../../../../../Users/Mitchell/Documents/Unreal Projects/SnakeEater1/Content/StarterContent/Particles/Materials/M_Heat_Distortion.uasset" 495
"../../../../../../Users/Mitchell/Documents/Unreal Projects/SnakeEater1/Content/StarterContent/Particles/Materials/M_Radial_Gradient.uasset" 496
"../../../../../../Users/Mitchell/Documents/Unreal Projects/SnakeEater1/Content/StarterContent/Particles/P_Fire.uasset" 497
"../../../../../../Users/Mitchell/Documents/Unreal Projects/SnakeEater1/Content/StarterContent/Blueprints/Blueprint_Effect_Fire.uasset" 498
"../../../../../../Users/Mitchell/Documents/Unreal Projects/SnakeEater1/Content/StarterContent/Audio/Smoke01_Cue.uasset" 499
"../../../../../../Users/Mitchell/Documents/Unreal Projects/SnakeEater1/Content/StarterContent/Particles/P_Smoke.uasset" 500
"../../../../../../Users/Mitchell/Documents/Unreal Projects/SnakeEater1/Content/StarterContent/Blueprints/Blueprint_Effect_Smoke.uasset" 501
"../../../../../../Users/Mitchell/Documents/Unreal Projects/SnakeEater1/Content/StarterContent/Audio/Fire_Sparks01_Cue.uasset" 502
"../../../../../../Users/Mitchell/Documents/Unreal Projects/SnakeEater1/Content/StarterContent/Textures/T_Spark_Core.uasset" 503
"../../../../../../Users/Mitchell/Documents/Unreal Projects/SnakeEater1/Content/StarterContent/Particles/Materials/M_Spark.uasset" 504
"../../../../../../Users/Mitchell/Documents/Unreal Projects/SnakeEater1/Content/StarterContent/Particles/P_Sparks.uasset" 505
"../../../../../../Users/Mitchell/Documents/Unreal Projects/SnakeEater1/Content/StarterContent/Blueprints/Blueprint_Effect_Sparks.uasset" 506
"../../../../../../Users/Mitchell/Documents/Unreal Projects/SnakeEater1/Content/StarterContent/Audio/Steam01_Cue.uasset" 507
"../../../../../../Users/Mitchell/Documents/Unreal Projects/SnakeEater1/Content/StarterContent/Particles/P_Steam_Lit.uasset" 508
"../../../../../../Users/Mitchell/Documents/Unreal Projects/SnakeEater1/Content/StarterContent/Blueprints/Blueprint_Effect_Steam.uasset" 509
"../../../../../../Users/Mitchell/Documents/Unreal Projects/SnakeEater1/Content/StarterContent/Textures/T_Lamp_M.uasset" 510
"../../../../../../Users/Mitchell/Documents/Unreal Projects/SnakeEater1/Content/StarterContent/Textures/T_Lamp_N.uasset" 511
"../../../../../../Users/Mitchell/Documents/Unreal Projects/SnakeEater1/Content/StarterContent/Props/Materials/M_Lamp.uasset" 512
"../../../../../../Users/Mitchell/Documents/Unreal Projects/SnakeEater1/Content/StarterContent/Props/SM_Lamp_Ceiling.uasset" 513
"../../../../../../Users/Mitchell/Documents/Unreal Projects/SnakeEater1/Content/StarterContent/Blueprints/Blueprint_CeilingLight.uasset" 514
"../../../../../../Users/Mitchell/Documents/Unreal Projects/SnakeEater1/Content/StarterContent/Props/SM_Lamp_Wall.uasset" 515
"../../../../../../Users/Mitchell/Documents/Unreal Projects/SnakeEater1/Content/StarterContent/Blueprints/Blueprint_WallSconce.uasset" 516
"../../../../../../Users/Mitchell/Documents/Unreal Projects/SnakeEater1/Content/StarterContent/Maps/StarterMap_BuiltData.uasset" 517
"../../../Engine/Content/Functions/Engine_MaterialFunctions03/Procedurals/ComputeFilterWidth.uasset" 518
"../../../Engine/Content/EngineMaterials/AntiAliasedTextMaterialTranslucent.uasset" 519
"../../../../../../Users/Mitchell/Documents/Unreal Projects/SnakeEater1/Content/StarterContent/Textures/T_Brick_Clay_Beveled_D.uasset" 520
"../../../../../../Users/Mitchell/Documents/Unreal Projects/SnakeEater1/Content/StarterContent/Textures/T_Brick_Clay_Beveled_M.uasset" 521
"../../../../../../Users/Mitchell/Documents/Unreal Projects/SnakeEater1/Content/StarterContent/Textures/T_Brick_Clay_Beveled_N.uasset" 522
"../../../../../../Users/Mitchell/Documents/Unreal Projects/SnakeEater1/Content/StarterContent/Materials/M_Brick_Clay_Beveled.uasset" 523
"../../../../../../Users/Mitchell/Documents/Unreal Projects/SnakeEater1/Content/StarterContent/Textures/T_Brick_Clay_New_D.uasset" 524
"../../../../../../Users/Mitchell/Documents/Unreal Projects/SnakeEater1/Content/StarterContent/Textures/T_Brick_Clay_New_M.uasset" 525
"../../../../../../Users/Mitchell/Documents/Unreal Projects/SnakeEater1/Content/StarterContent/Textures/T_Brick_Clay_New_N.uasset" 526
"../../../../../../Users/Mitchell/Documents/Unreal Projects/SnakeEater1/Content/StarterContent/Materials/M_Brick_Clay_New.uasset" 527
"../../../../../../Users/Mitchell/Documents/Unreal Projects/SnakeEater1/Content/StarterContent/Textures/T_Brick_Clay_Old_D.uasset" 528
"../../../../../../Users/Mitchell/Documents/Unreal Projects/SnakeEater1/Content/StarterContent/Textures/T_Brick_Clay_Old_N.uasset" 529
"../../../../../../Users/Mitchell/Documents/Unreal Projects/SnakeEater1/Content/StarterContent/Textures/T_Perlin_Noise_M.uasset" 530
"../../../../../../Users/Mitchell/Documents/Unreal Projects/SnakeEater1/Content/StarterContent/Materials/M_Brick_Clay_Old.uasset" 531
"../../../../../../Users/Mitchell/Documents/Unreal Projects/SnakeEater1/Content/StarterContent/Textures/T_Brick_Cut_Stone_D.uasset" 532
"../../../../../../Users/Mitchell/Documents/Unreal Projects/SnakeEater1/Content/StarterContent/Textures/T_Brick_Cut_Stone_N.uasset" 533
"../../../../../../Users/Mitchell/Documents/Unreal Projects/SnakeEater1/Content/StarterContent/Materials/M_Brick_Cut_Stone.uasset" 534
"../../../../../../Users/Mitchell/Documents/Unreal Projects/SnakeEater1/Content/StarterContent/Textures/T_Brick_Hewn_Stone_D.uasset" 535
"../../../../../../Users/Mitchell/Documents/Unreal Projects/SnakeEater1/Content/StarterContent/Textures/T_Brick_Hewn_Stone_M.uasset" 536
"../../../../../../Users/Mitchell/Documents/Unreal Projects/SnakeEater1/Content/StarterContent/Textures/T_Brick_Hewn_Stone_N.uasset" 537
"../../../../../../Users/Mitchell/Documents/Unreal Projects/SnakeEater1/Content/StarterContent/Materials/M_Brick_Hewn_Stone.uasset" 538
"../../../../../../Users/Mitchell/Documents/Unreal Projects/SnakeEater1/Content/StarterContent/Textures/T_Ceramic_Tile_M.uasset" 539
"../../../../../../Users/Mitchell/Documents/Unreal Projects/SnakeEater1/Content/StarterContent/Textures/T_Ceramic_Tile_N.uasset" 540
"../../../../../../Users/Mitchell/Documents/Unreal Projects/SnakeEater1/Content/StarterContent/Textures/T_Rock_Marble_Polished_D.uasset" 541
"../../../../../../Users/Mitchell/Documents/Unreal Projects/SnakeEater1/Content/StarterContent/Materials/M_Ceramic_Tile_Checker.uasset" 542
"../../../../../../Users/Mitchell/Documents/Unreal Projects/SnakeEater1/Content/StarterContent/Textures/T_CobbleStone_Pebble_D.uasset" 543
"../../../../../../Users/Mitchell/Documents/Unreal Projects/SnakeEater1/Content/StarterContent/Textures/T_CobbleStone_Pebble_M.uasset" 544
"../../../../../../Users/Mitchell/Documents/Unreal Projects/SnakeEater1/Content/StarterContent/Textures/T_CobbleStone_Pebble_N.uasset" 545
"../../../../../../Users/Mitchell/Documents/Unreal Projects/SnakeEater1/Content/StarterContent/Materials/M_CobbleStone_Pebble.uasset" 546
"../../../../../../Users/Mitchell/Documents/Unreal Projects/SnakeEater1/Content/StarterContent/Textures/T_CobbleStone_Rough_D.uasset" 547
"../../../../../../Users/Mitchell/Documents/Unreal Projects/SnakeEater1/Content/StarterContent/Textures/T_CobbleStone_Rough_N.uasset" 548
"../../../../../../Users/Mitchell/Documents/Unreal Projects/SnakeEater1/Content/StarterContent/Textures/T_Gradinet_01.uasset" 549
"../../../../../../Users/Mitchell/Documents/Unreal Projects/SnakeEater1/Content/StarterContent/Textures/T_Rock_Smooth_Granite_D.uasset" 550
"../../../../../../Users/Mitchell/Documents/Unreal Projects/SnakeEater1/Content/StarterContent/Materials/M_CobbleStone_Rough.uasset" 551
"../../../../../../Users/Mitchell/Documents/Unreal Projects/SnakeEater1/Content/StarterContent/Textures/T_CobbleStone_Smooth_D.uasset" 552
"../../../../../../Users/Mitchell/Documents/Unreal Projects/SnakeEater1/Content/StarterContent/Textures/T_CobbleStone_Smooth_M.uasset" 553
"../../../../../../Users/Mitchell/Documents/Unreal Projects/SnakeEater1/Content/StarterContent/Textures/T_CobbleStone_Smooth_N.uasset" 554
"../../../../../../Users/Mitchell/Documents/Unreal Projects/SnakeEater1/Content/StarterContent/Materials/M_CobbleStone_Smooth.uasset" 555
"../../../../../../Users/Mitchell/Documents/Unreal Projects/SnakeEater1/Content/StarterContent/Textures/T_Concrete_Grime_D.uasset" 556
"../../../../../../Users/Mitchell/Documents/Unreal Projects/SnakeEater1/Content/StarterContent/Textures/T_Metal_Rust_N.uasset" 557
"../../../../../../Users/Mitchell/Documents/Unreal Projects/SnakeEater1/Content/StarterContent/Materials/M_Concrete_Grime.uasset" 558
"../../../../../../Users/Mitchell/Documents/Unreal Projects/SnakeEater1/Content/StarterContent/Textures/T_Concrete_Panels_D.uasset" 559
"../../../../../../Users/Mitchell/Documents/Unreal Projects/SnakeEater1/Content/StarterContent/Textures/T_Concrete_Panels_N.uasset" 560
"../../../../../../Users/Mitchell/Documents/Unreal Projects/SnakeEater1/Content/StarterContent/Materials/M_Concrete_Panels.uasset" 561
"../../../../../../Users/Mitchell/Documents/Unreal Projects/SnakeEater1/Content/StarterContent/Textures/T_Concrete_Poured_D.uasset" 562
"../../../../../../Users/Mitchell/Documents/Unreal Projects/SnakeEater1/Content/StarterContent/Textures/T_Concrete_Poured_N.uasset" 563
"../../../../../../Users/Mitchell/Documents/Unreal Projects/SnakeEater1/Content/StarterContent/Materials/M_Concrete_Poured.uasset" 564
"../../../../../../Users/Mitchell/Documents/Unreal Projects/SnakeEater1/Content/StarterContent/Textures/T_Concrete_Tiles_D.uasset" 565
"../../../../../../Users/Mitchell/Documents/Unreal Projects/SnakeEater1/Content/StarterContent/Textures/T_Concrete_Tiles_M.uasset" 566
"../../../../../../Users/Mitchell/Documents/Unreal Projects/SnakeEater1/Content/StarterContent/Textures/T_Concrete_Tiles_N.uasset" 567
"../../../../../../Users/Mitchell/Documents/Unreal Projects/SnakeEater1/Content/StarterContent/Textures/T_Concrete_Tiles_Variation_M.uasset" 568
"../../../../../../Users/Mitchell/Documents/Unreal Projects/SnakeEater1/Content/StarterContent/Materials/M_Concrete_Tiles.uasset" 569
"../../../../../../Users/Mitchell/Documents/Unreal Projects/SnakeEater1/Content/StarterContent/Textures/T_Ground_Grass_D.uasset" 570
"../../../../../../Users/Mitchell/Documents/Unreal Projects/SnakeEater1/Content/StarterContent/Textures/T_Ground_Grass_N.uasset" 571
"../../../../../../Users/Mitchell/Documents/Unreal Projects/SnakeEater1/Content/StarterContent/Materials/M_Ground_Grass.uasset" 572
"../../../../../../Users/Mitchell/Documents/Unreal Projects/SnakeEater1/Content/StarterContent/Textures/T_Ground_Gravel_D.uasset" 573
"../../../../../../Users/Mitchell/Documents/Unreal Projects/SnakeEater1/Content/StarterContent/Textures/T_Ground_Gravel_N.uasset" 574
"../../../../../../Users/Mitchell/Documents/Unreal Projects/SnakeEater1/Content/StarterContent/Materials/M_Ground_Gravel.uasset" 575
"../../../../../../Users/Mitchell/Documents/Unreal Projects/SnakeEater1/Content/StarterContent/Textures/T_ground_Moss_D.uasset" 576
"../../../../../../Users/Mitchell/Documents/Unreal Projects/SnakeEater1/Content/StarterContent/Textures/T_Ground_Moss_N.uasset" 577
"../../../../../../Users/Mitchell/Documents/Unreal Projects/SnakeEater1/Content/StarterContent/Materials/M_Ground_Moss.uasset" 578
"../../../../../../Users/Mitchell/Documents/Unreal Projects/SnakeEater1/Content/StarterContent/Materials/M_Metal_Chrome.uasset" 579
"../../../../../../Users/Mitchell/Documents/Unreal Projects/SnakeEater1/Content/StarterContent/Textures/T_Metal_Rust_D.uasset" 580
"../../../../../../Users/Mitchell/Documents/Unreal Projects/SnakeEater1/Content/StarterContent/Materials/M_Metal_Rust.uasset" 581
"../../../../../../Users/Mitchell/Documents/Unreal Projects/SnakeEater1/Content/StarterContent/Textures/T_Metal_Steel_D.uasset" 582
"../../../../../../Users/Mitchell/Documents/Unreal Projects/SnakeEater1/Content/StarterContent/Textures/T_Metal_Steel_N.uasset" 583
"../../../../../../Users/Mitchell/Documents/Unreal Projects/SnakeEater1/Content/StarterContent/Materials/M_Metal_Steel.uasset" 584
"../../../../../../Users/Mitchell/Documents/Unreal Projects/SnakeEater1/Content/StarterContent/Textures/T_Rock_Basalt_N.uasset" 585
"../../../../../../Users/Mitchell/Documents/Unreal Projects/SnakeEater1/Content/StarterContent/Materials/M_Rock_Basalt.uasset" 586
"../../../../../../Users/Mitchell/Documents/Unreal Projects/SnakeEater1/Content/StarterContent/Materials/M_Rock_Marble_Polished.uasset" 587
"../../../../../../Users/Mitchell/Documents/Unreal Projects/SnakeEater1/Content/StarterContent/Textures/T_Rock_Sandstone_D.uasset" 588
"../../../../../../Users/Mitchell/Documents/Unreal Projects/SnakeEater1/Content/StarterContent/Textures/T_Rock_Sandstone_N.uasset" 589
"../../../../../../Users/Mitchell/Documents/Unreal Projects/SnakeEater1/Content/StarterContent/Materials/M_Rock_Sandstone.uasset" 590
"../../../../../../Users/Mitchell/Documents/Unreal Projects/SnakeEater1/Content/StarterContent/Textures/T_Rock_Slate_D.uasset" 591
"../../../../../../Users/Mitchell/Documents/Unreal Projects/SnakeEater1/Content/StarterContent/Textures/T_Rock_Slate_N.uasset" 592
"../../../../../../Users/Mitchell/Documents/Unreal Projects/SnakeEater1/Content/StarterContent/Materials/M_Rock_Slate.uasset" 593
"../../../../../../Users/Mitchell/Documents/Unreal Projects/SnakeEater1/Content/StarterContent/Textures/T_Checker_Noise_M.uasset" 594
"../../../../../../Users/Mitchell/Documents/Unreal Projects/SnakeEater1/Content/StarterContent/Textures/T_Single_Tile_N.uasset" 595
"../../../../../../Users/Mitchell/Documents/Unreal Projects/SnakeEater1/Content/StarterContent/Textures/T_Tech_Dot_M.uasset" 596
"../../../../../../Users/Mitchell/Documents/Unreal Projects/SnakeEater1/Content/StarterContent/Textures/T_Tech_Dot_N.uasset" 597
"../../../../../../Users/Mitchell/Documents/Unreal Projects/SnakeEater1/Content/StarterContent/Materials/M_Tech_Checker_Dot.uasset" 598
"../../../../../../Users/Mitchell/Documents/Unreal Projects/SnakeEater1/Content/StarterContent/Textures/T_Tech_Hex_Tile_M.uasset" 599
"../../../../../../Users/Mitchell/Documents/Unreal Projects/SnakeEater1/Content/StarterContent/Textures/T_Tech_Hex_Tile_N.uasset" 600
"../../../../../../Users/Mitchell/Documents/Unreal Projects/SnakeEater1/Content/StarterContent/Materials/M_Tech_Hex_Tile.uasset" 601
"../../../../../../Users/Mitchell/Documents/Unreal Projects/SnakeEater1/Content/StarterContent/Materials/M_Tech_Hex_Tile_Pulse.uasset" 602
"../../../../../../Users/Mitchell/Documents/Unreal Projects/SnakeEater1/Content/StarterContent/Textures/T_Tech_Panel_M.uasset" 603
"../../../../../../Users/Mitchell/Documents/Unreal Projects/SnakeEater1/Content/StarterContent/Textures/T_Tech_Panel_N.uasset" 604
"../../../../../../Users/Mitchell/Documents/Unreal Projects/SnakeEater1/Content/StarterContent/Materials/M_Tech_Panel.uasset" 605
"../../../../../../Users/Mitchell/Documents/Unreal Projects/SnakeEater1/Content/StarterContent/Materials/M_Water_Lake.uasset" 606
"../../../../../../Users/Mitchell/Documents/Unreal Projects/SnakeEater1/Content/StarterContent/Textures/T_Water_M.uasset" 607
"../../../../../../Users/Mitchell/Documents/Unreal Projects/SnakeEater1/Content/StarterContent/Materials/M_Water_Ocean.uasset" 608
"../../../../../../Users/Mitchell/Documents/Unreal Projects/SnakeEater1/Content/StarterContent/Textures/T_Wood_Floor_Walnut_D.uasset" 609
"../../../../../../Users/Mitchell/Documents/Unreal Projects/SnakeEater1/Content/StarterContent/Textures/T_Wood_Floor_Walnut_M.uasset" 610
"../../../../../../Users/Mitchell/Documents/Unreal Projects/SnakeEater1/Content/StarterContent/Textures/T_Wood_Floor_Walnut_N.uasset" 611
"../../../../../../Users/Mitchell/Documents/Unreal Projects/SnakeEater1/Content/StarterContent/Materials/M_Wood_Floor_Walnut_Polished.uasset" 612
"../../../Engine/Content/Functions/Engine_MaterialFunctions01/Opacity/AlphaOffset.uasset" 613
"../../../../../../Users/Mitchell/Documents/Unreal Projects/SnakeEater1/Content/StarterContent/Materials/M_Wood_Floor_Walnut_Worn.uasset" 614
"../../../../../../Users/Mitchell/Documents/Unreal Projects/SnakeEater1/Content/StarterContent/Textures/T_Wood_Oak_D.uasset" 615
"../../../../../../Users/Mitchell/Documents/Unreal Projects/SnakeEater1/Content/StarterContent/Textures/T_Wood_Oak_N.uasset" 616
"../../../../../../Users/Mitchell/Documents/Unreal Projects/SnakeEater1/Content/StarterContent/Materials/M_Wood_Oak.uasset" 617
"../../../../../../Users/Mitchell/Documents/Unreal Projects/SnakeEater1/Content/StarterContent/Textures/T_Wood_Pine_D.uasset" 618
"../../../../../../Users/Mitchell/Documents/Unreal Projects/SnakeEater1/Content/StarterContent/Textures/T_Wood_Pine_N.uasset" 619
"../../../../../../Users/Mitchell/Documents/Unreal Projects/SnakeEater1/Content/StarterContent/Materials/M_Wood_Pine.uasset" 620
"../../../../../../Users/Mitchell/Documents/Unreal Projects/SnakeEater1/Content/StarterContent/Textures/T_Wood_Walnut_D.uasset" 621
"../../../../../../Users/Mitchell/Documents/Unreal Projects/SnakeEater1/Content/StarterContent/Textures/T_Wood_Walnut_N.uasset" 622
"../../../../../../Users/Mitchell/Documents/Unreal Projects/SnakeEater1/Content/StarterContent/Materials/M_Wood_Walnut.uasset" 623
"../../../../../../Users/Mitchell/Documents/Unreal Projects/SnakeEater1/Content/StarterContent/Architecture/Wall_400x200.uasset" 624
"../../../../../../Users/Mitchell/Documents/Unreal Projects/SnakeEater1/Content/StarterContent/Architecture/Wall_Door_400x300.uasset" 625
"../../../../../../Users/Mitchell/Documents/Unreal Projects/SnakeEater1/Content/StarterContent/Architecture/Wall_Window_400x300.uasset" 626
"../../../../../../Users/Mitchell/Documents/Unreal Projects/SnakeEater1/Content/StarterContent/Audio/Collapse_Cue.uasset" 627
"../../../../../../Users/Mitchell/Documents/Unreal Projects/SnakeEater1/Content/StarterContent/Audio/Starter_Music_Cue.uasset" 628
"../../../../../../Users/Mitchell/Documents/Unreal Projects/SnakeEater1/Content/StarterContent/Textures/T_Dust_Particle_D.uasset" 629
"../../../../../../Users/Mitchell/Documents/Unreal Projects/SnakeEater1/Content/StarterContent/Particles/Materials/M_Dust_Particle.uasset" 630
"../../../../../../Users/Mitchell/Documents/Unreal Projects/SnakeEater1/Content/StarterContent/Particles/P_Ambient_Dust.uasset" 631
"../../../../../../Users/Mitchell/Documents/Unreal Projects/SnakeEater1/Content/StarterContent/Props/MaterialSphere.uasset" 632
"../../../../../../Users/Mitchell/Documents/Unreal Projects/SnakeEater1/Content/StarterContent/Textures/T_Frame_M.uasset" 633
"../../../../../../Users/Mitchell/Documents/Unreal Projects/SnakeEater1/Content/StarterContent/Textures/T_Frame_N.uasset" 634
"../../../../../../Users/Mitchell/Documents/Unreal Projects/SnakeEater1/Content/StarterContent/Props/Materials/M_Frame.uasset" 635
"../../../../../../Users/Mitchell/Documents/Unreal Projects/SnakeEater1/Content/StarterContent/Props/SM_CornerFrame.uasset" 636
"../../../../../../Users/Mitchell/Documents/Unreal Projects/SnakeEater1/Content/StarterContent/Props/SM_DoorFrame.uasset" 637
"../../../../../../Users/Mitchell/Documents/Unreal Projects/SnakeEater1/Content/StarterContent/Props/SM_GlassWindow.uasset" 638
"../../../../../../Users/Mitchell/Documents/Unreal Projects/SnakeEater1/Content/StarterContent/Props/SM_PillarFrame.uasset" 639
"../../../../../../Users/Mitchell/Documents/Unreal Projects/SnakeEater1/Content/StarterContent/Props/SM_PillarFrame300.uasset" 640
"../../../../../../Users/Mitchell/Documents/Unreal Projects/SnakeEater1/Content/StarterContent/Props/SM_WindowFrame.uasset" 641
"../../../../../../Users/Mitchell/Documents/Unreal Projects/SnakeEater1/Content/StarterContent/Shapes/Shape_Cube.uasset" 642
"../../../../../../Users/Mitchell/Documents/Unreal Projects/SnakeEater1/Content/StarterContent/Shapes/Shape_QuadPyramid.uasset" 643
"../../../../../../Users/Mitchell/Documents/Unreal Projects/SnakeEater1/Content/StarterContent/Shapes/Shape_Sphere.uasset" 644
"../../../../../../Users/Mitchell/Documents/Unreal Projects/SnakeEater1/Content/StarterContent/Maps/StarterMap.umap" 645
"../../../../../../Users/Mitchell/Documents/Unreal Projects/SnakeEater1/Content/ThirdPersonCPP/HighresScreenshot00000.uasset" 646
"../../../../../../Users/Mitchell/Documents/Unreal Projects/SnakeEater1/Content/ThirdPersonCPP/MainMenu.uasset" 647
"../../../../../../Users/Mitchell/Documents/Unreal Projects/SnakeEater1/Content/ThirdPersonCPP/Maps/MainMenuMap.umap" 648
"../../../../../../Users/Mitchell/Documents/Unreal Projects/SnakeEater1/Content/ThirdPersonCPP/Maps/OfficeMap_BuiltData.uasset" 649
"../../../../../../Users/Mitchell/Documents/Unreal Projects/SnakeEater1/Content/ThirdPersonCPP/Desk/Wood.uasset" 650
"../../../../../../Users/Mitchell/Documents/Unreal Projects/SnakeEater1/Content/ThirdPersonCPP/Desk/DeskMat.uasset" 651
"../../../../../../Users/Mitchell/Documents/Unreal Projects/SnakeEater1/Content/StarterContent/Architecture/Wall_Door_400x400.uasset" 652
"../../../../../../Users/Mitchell/Documents/Unreal Projects/SnakeEater1/Content/StarterContent/Props/SM_Stairs.uasset" 653
"../../../../../../Users/Mitchell/Documents/Unreal Projects/SnakeEater1/Content/ThirdPerson/Meshes/RampMaterial.uasset" 654
"../../../../../../Users/Mitchell/Documents/Unreal Projects/SnakeEater1/Content/ThirdPerson/Meshes/Linear_Stair_StaticMesh.uasset" 655
"../../../../../../Users/Mitchell/Documents/Unreal Projects/SnakeEater1/Content/ThirdPersonCPP/Desk/Work_Desk_Desk_FrameMat.uasset" 656
"../../../../../../Users/Mitchell/Documents/Unreal Projects/SnakeEater1/Content/ThirdPersonCPP/Desk/Work_Desk_Work_Desk_Desk_Frame.uasset" 657
"../../../../../../Users/Mitchell/Documents/Unreal Projects/SnakeEater1/Content/ThirdPersonCPP/Desk/Work_Desk_Desk_TopMat.uasset" 658
"../../../../../../Users/Mitchell/Documents/Unreal Projects/SnakeEater1/Content/ThirdPersonCPP/Desk/Work_Desk_Work_Desk_Desk_Top.uasset" 659
"../../../../../../Users/Mitchell/Documents/Unreal Projects/SnakeEater1/Content/ThirdPersonCPP/Maps/OfficeMap.umap" 660
"../../../../../../Users/Mitchell/Documents/Unreal Projects/SnakeEater1/Content/ThirdPersonCPP/MyPainVolume.uasset" 661
"../../../../../../Users/Mitchell/Documents/Unreal Projects/SnakeEater1/Content/ThirdPersonCPP/Maps/ThirdPersonExampleMap_BuiltData.uasset" 662
"../../../../../../Users/Mitchell/Documents/Unreal Projects/SnakeEater1/Content/Geometry/Meshes/CubeMaterial.uasset" 663
"../../../../../../Users/Mitchell/Documents/Unreal Projects/SnakeEater1/Content/Geometry/Meshes/1M_Cube.uasset" 664
"../../../../../../Users/Mitchell/Documents/Unreal Projects/SnakeEater1/Content/Geometry/Meshes/1M_Cube_Chamfer.uasset" 665
"../../../../../../Users/Mitchell/Documents/Unreal Projects/SnakeEater1/Content/Geometry/Meshes/TemplateFloor.uasset" 666
"../../../../../../Users/Mitchell/Documents/Unreal Projects/SnakeEater1/Content/ThirdPerson/Meshes/Bump_StaticMesh.uasset" 667
"../../../../../../Users/Mitchell/Documents/Unreal Projects/SnakeEater1/Content/ThirdPerson/Meshes/LeftArm_StaticMesh.uasset" 668
"../../../../../../Users/Mitchell/Documents/Unreal Projects/SnakeEater1/Content/ThirdPerson/Meshes/Ramp_StaticMesh.uasset" 669
"../../../../../../Users/Mitchell/Documents/Unreal Projects/SnakeEater1/Content/ThirdPerson/Meshes/RightArm_StaticMesh.uasset" 670
"../../../../../../Users/Mitchell/Documents/Unreal Projects/SnakeEater1/Content/ThirdPersonCPP/Maps/ThirdPersonExampleMap.umap" 671
"../../../Engine/Content/Maps/Entry_BuiltData.uasset" 672
"../../../Engine/Content/Maps/Entry.umap" 673
